<?xml version="1.0" encoding="UTF-8"?>
<!-- Generated by org.testng.reporters.JUnitXMLReporter -->
<testsuite ignored="0" hostname="SarthakDell" failures="0" tests="3" name="Test" time="0.009" errors="0" timestamp="2023-10-29T13:50:31 EDT">
  <testcase classname="com.TestNG.Oct_29_2023_Day18_TestNG_SuiteFiles_Regression_Suite.Regression_SearchProductTest" name="regressionSearchProductValidation" time="0.001"/>
  <testcase classname="com.TestNG.Oct_29_2023_Day18_TestNG_SuiteFiles_Regression_Suite.Regression_LoginTest" name="regressionLoginValidation" time="0.0"/>
  <testcase classname="com.TestNG.Oct_29_2023_Day18_TestNG_SuiteFiles_Regression_Suite.Regression_RegisterTest" name="regressionRegisterValidation" time="0.001"/>
</testsuite> <!-- Test -->
