<?xml version="1.0" encoding="UTF-8"?>
<!-- Generated by org.testng.reporters.JUnitXMLReporter -->
<testsuite ignored="0" hostname="SarthakDell" failures="0" tests="5" name="Default test" time="29.291" errors="0" timestamp="2023-10-14T12:57:56 GMT-04:00">
  <testcase classname="com.TestNG.Oct_14_Day13_TestNG_Repeat.Assignment1_RediffLogin" name="verifyLoginWithValidCredentials" time="5.071"/>
  <testcase classname="com.TestNG.Oct_14_Day13_TestNG_Repeat.Assignment1_RediffLogin" name="verifyLoginWithValidUsernameInvalidPassword" time="0.915"/>
  <testcase classname="com.TestNG.Oct_14_Day13_TestNG_Repeat.Assignment1_RediffLogin" name="verifyLoginWithInvalidUsernameValidPassword" time="0.806"/>
  <testcase classname="com.TestNG.Oct_14_Day13_TestNG_Repeat.Assignment1_RediffLogin" name="verifyLoginWithInvalidCredentials" time="0.779"/>
  <testcase classname="com.TestNG.Oct_14_Day13_TestNG_Repeat.Assignment1_RediffLogin" name="verifyLoginWithNoCredentials" time="0.086"/>
</testsuite> <!-- Default test -->
