<?xml version="1.0" encoding="UTF-8"?>
<!-- Generated by org.testng.reporters.JUnitXMLReporter -->
<testsuite ignored="0" hostname="SarthakDell" failures="0" tests="3" name="Default test" time="19.912" errors="0" timestamp="2023-10-08T14:47:36 GMT-04:00">
  <testcase classname="com.TestNG.Oct_08_Day12_TestNG_Repeat.HeadlessMode_ChromeOptions" name="verifySearchWithValidProduct" time="0.866"/>
  <testcase classname="com.TestNG.Oct_08_Day12_TestNG_Repeat.HeadlessMode_ChromeOptions" name="verifySearchWithInvalidProduct" time="1.292"/>
  <testcase classname="com.TestNG.Oct_08_Day12_TestNG_Repeat.HeadlessMode_ChromeOptions" name="verifySearchWithNoProduct" time="0.63"/>
</testsuite> <!-- Default test -->
