<?xml version="1.0" encoding="UTF-8"?>
<!-- Generated by org.testng.reporters.JUnitXMLReporter -->
<testsuite ignored="0" hostname="SarthakDell" failures="0" tests="3" name="Test" time="0.053" errors="0" timestamp="2023-10-29T13:50:31 EDT">
  <testcase classname="com.TestNG.Oct_29_2023_Day18_TestNG_SuiteFiles_Smoke_Suite.Smoke_LoginTest" name="smokeLoginValidation" time="0.01"/>
  <testcase classname="com.TestNG.Oct_29_2023_Day18_TestNG_SuiteFiles_Smoke_Suite.Smoke_RegisterTest" name="smokeRegisterValidation" time="0.002"/>
  <testcase classname="com.TestNG.Oct_29_2023_Day18_TestNG_SuiteFiles_Smoke_Suite.Smoke_SearchProductTest" name="smokeSearchProductValidation" time="0.002"/>
</testsuite> <!-- Test -->
