<?xml version="1.0" encoding="UTF-8"?>
<!-- Generated by org.testng.reporters.JUnitXMLReporter -->
<testsuite ignored="5" hostname="SarthakDell" failures="0" tests="7" name="TutorialsNinja Test" time="54.587" errors="0" timestamp="2023-10-15T14:20:24 GMT-04:00">
  <testcase classname="com.TestNG.Oct_15_Day14_TestNG_testng.xml.RegisterTest" name="verifyingRegisterWithMandatoryFields" time="1.787"/>
  <testcase classname="com.TestNG.Oct_15_Day14_TestNG_testng.xml.RegisterTest" name="verifyingRegisterWithExistingEmail" time="1.258"/>
  <testcase classname="com.TestNG.Oct_15_Day14_TestNG_testng.xml.RegisterTest" name="verifyingRegisterWithNoFields" time="0.673"/>
  <testcase classname="com.TestNG.Oct_15_Day14_TestNG_testng.xml.LoginTest" name="verifyLoginWithValidCredentials" time="1.131"/>
  <testcase classname="com.TestNG.Oct_15_Day14_TestNG_testng.xml.LoginTest" name="verifyLoginWithInvalidCredentials" time="0.667"/>
  <testcase classname="com.TestNG.Oct_15_Day14_TestNG_testng.xml.LoginTest" name="verifyLoginWithNoCredentials" time="0.593"/>
  <testcase classname="com.TestNG.Oct_15_Day14_TestNG_testng.xml.SearchProductTest" name="verifySearchWithValidProduct" time="0.83"/>
  <testcase classname="com.TestNG.Oct_15_Day14_TestNG_testng.xml.LoginTest" name="verifyLoginWithValidEmailInvalidPassword" time="0.0">
    <ignored/>
  </testcase> <!-- verifyLoginWithValidEmailInvalidPassword -->
  <testcase classname="com.TestNG.Oct_15_Day14_TestNG_testng.xml.LoginTest" name="verifyLoginWithInvalidEmailValidPassword" time="0.0">
    <ignored/>
  </testcase> <!-- verifyLoginWithInvalidEmailValidPassword -->
  <testcase classname="com.TestNG.Oct_15_Day14_TestNG_testng.xml.RegisterTest" name="verifyingRegisterWithAllFields" time="0.0">
    <ignored/>
  </testcase> <!-- verifyingRegisterWithAllFields -->
  <testcase classname="com.TestNG.Oct_15_Day14_TestNG_testng.xml.SearchProductTest" name="verifySearchWithNoProduct" time="0.0">
    <ignored/>
  </testcase> <!-- verifySearchWithNoProduct -->
  <testcase classname="com.TestNG.Oct_15_Day14_TestNG_testng.xml.SearchProductTest" name="verifySearchWithInvalidProduct" time="0.0">
    <ignored/>
  </testcase> <!-- verifySearchWithInvalidProduct -->
</testsuite> <!-- TutorialsNinja Test -->
