<?xml version="1.0" encoding="UTF-8"?>
<!-- Generated by org.testng.reporters.JUnitXMLReporter -->
<testsuite ignored="0" hostname="SarthakDell" failures="0" tests="3" name="Test" time="0.012" errors="0" timestamp="2023-10-29T13:50:31 EDT">
  <testcase classname="com.TestNG.Oct_29_2023_Day18_TestNG_SuiteFiles_Sanity_Suite.Sanity_LoginTest" name="sanityLoginValidation" time="0.002"/>
  <testcase classname="com.TestNG.Oct_29_2023_Day18_TestNG_SuiteFiles_Sanity_Suite.Sanity_RegisterTest" name="sanityRegisterValidation" time="0.001"/>
  <testcase classname="com.TestNG.Oct_29_2023_Day18_TestNG_SuiteFiles_Sanity_Suite.Sanity_SearchProductTest" name="sanitySearchProductValidation" time="0.0"/>
</testsuite> <!-- Test -->
