<?xml version="1.0" encoding="UTF-8"?>
<testng-results ignored="0" total="1" passed="1" failed="0" skipped="0">
  <reporter-output>
  </reporter-output>
  <suite started-at="2023-10-29T14:30:03 EDT" name="Suite" finished-at="2023-10-29T14:30:04 EDT" duration-ms="85">
    <groups>
    </groups>
    <test started-at="2023-10-29T14:30:03 EDT" name="Test" finished-at="2023-10-29T14:30:04 EDT" duration-ms="85">
      <class name="com.showing_demo.CheckDisplay">
        <test-method is-config="true" signature="begin()[pri:0, instance:com.showing_demo.CheckDisplay@783a467b]" started-at="2023-10-29T14:30:04 EDT" name="begin" finished-at="2023-10-29T14:30:04 EDT" duration-ms="10" status="PASS">
          <reporter-output>
          </reporter-output>
        </test-method> <!-- begin -->
        <test-method signature="someLogic()[pri:0, instance:com.showing_demo.CheckDisplay@783a467b]" started-at="2023-10-29T14:30:04 EDT" name="someLogic" finished-at="2023-10-29T14:30:04 EDT" duration-ms="10" status="PASS">
          <reporter-output>
          </reporter-output>
        </test-method> <!-- someLogic -->
      </class> <!-- com.showing_demo.CheckDisplay -->
    </test> <!-- Test -->
  </suite> <!-- Suite -->
</testng-results>
